# JRE version: OpenJDK Runtime Environment (17.0.11) (build 17.0.11+0--11852314)
# Java VM: OpenJDK 64-Bit Server VM (17.0.11+0--11852314, mixed mode, tiered, compressed oops, compressed class ptrs, g1 gc, windows-amd64)
GC Precious Log:
 CPUs: 12 total, 12 available
 Memory: 16250M
 Large Page Support: Disabled
 NUMA Support: Disabled
 Compressed Oops: Enabled (32-bit)
 Heap Region Size: 1M
 Heap Min Capacity: 8M
 Heap Initial Capacity: 254M
 Heap Max Capacity: 2G
 Pre-touch: Disabled
 Parallel Workers: 10
 Concurrent Workers: 3
 Concurrent Refinement Workers: 10
 Periodic GC: Disabled
Heap:
 garbage-first heap   total 335872K, used 149995K [0x0000000080000000, 0x0000000100000000)
  region size 1024K, 4 young (4096K), 4 survivors (4096K)
 Metaspace       used 155919K, committed 156992K, reserved 1245184K
  class space    used 21914K, committed 22464K, reserved 1048576K
GC Heap History (20 events):
Event: 107.420 GC heap after
{Heap after GC invocations=65 (full 0):
 garbage-first heap   total 335872K, used 145794K [0x0000000080000000, 0x0000000100000000)
  region size 1024K, 6 young (6144K), 6 survivors (6144K)
 Metaspace       used 153899K, committed 155008K, reserved 1245184K
  class space    used 21666K, committed 22208K, reserved 1048576K
}
Event: 107.541 GC heap before
{Heap before GC invocations=66 (full 0):
 garbage-first heap   total 335872K, used 253007K [0x0000000080000000, 0x0000000100000000)
  region size 1024K, 118 young (120832K), 6 survivors (6144K)
 Metaspace       used 153820K, committed 155072K, reserved 1245184K
  class space    used 21639K, committed 22208K, reserved 1048576K
}
Event: 107.544 GC heap after
{Heap after GC invocations=67 (full 0):
 garbage-first heap   total 335872K, used 139249K [0x0000000080000000, 0x0000000100000000)
  region size 1024K, 7 young (7168K), 7 survivors (7168K)
 Metaspace       used 153820K, committed 155072K, reserved 1245184K
  class space    used 21639K, committed 22208K, reserved 1048576K
}
Event: 107.552 GC heap before
{Heap before GC invocations=67 (full 0):
 garbage-first heap   total 335872K, used 148465K [0x0000000080000000, 0x0000000100000000)
  region size 1024K, 16 young (16384K), 7 survivors (7168K)
 Metaspace       used 153820K, committed 155072K, reserved 1245184K
  class space    used 21639K, committed 22208K, reserved 1048576K
}
Event: 107.556 GC heap after
{Heap after GC invocations=68 (full 0):
 garbage-first heap   total 335872K, used 128572K [0x0000000080000000, 0x0000000100000000)
  region size 1024K, 2 young (2048K), 2 survivors (2048K)
 Metaspace       used 153820K, committed 155072K, reserved 1245184K
  class space    used 21639K, committed 22208K, reserved 1048576K
}
Event: 107.701 GC heap before
{Heap before GC invocations=68 (full 0):
 garbage-first heap   total 335872K, used 272956K [0x0000000080000000, 0x0000000100000000)
  region size 1024K, 143 young (146432K), 2 survivors (2048K)
 Metaspace       used 154370K, committed 155456K, reserved 1245184K
  class space    used 21724K, committed 22272K, reserved 1048576K
}
Event: 107.702 GC heap after
{Heap after GC invocations=69 (full 0):
 garbage-first heap   total 335872K, used 129138K [0x0000000080000000, 0x0000000100000000)
  region size 1024K, 2 young (2048K), 2 survivors (2048K)
 Metaspace       used 154370K, committed 155456K, reserved 1245184K
  class space    used 21724K, committed 22272K, reserved 1048576K
}
Event: 107.788 GC heap before
{Heap before GC invocations=69 (full 0):
 garbage-first heap   total 335872K, used 278642K [0x0000000080000000, 0x0000000100000000)
  region size 1024K, 148 young (151552K), 2 survivors (2048K)
 Metaspace       used 154371K, committed 155456K, reserved 1245184K
  class space    used 21724K, committed 22272K, reserved 1048576K
}
Event: 107.789 GC heap after
{Heap after GC invocations=70 (full 0):
 garbage-first heap   total 335872K, used 131181K [0x0000000080000000, 0x0000000100000000)
  region size 1024K, 4 young (4096K), 4 survivors (4096K)
 Metaspace       used 154371K, committed 155456K, reserved 1245184K
  class space    used 21724K, committed 22272K, reserved 1048576K
}
Event: 107.939 GC heap before
{Heap before GC invocations=70 (full 0):
 garbage-first heap   total 335872K, used 232557K [0x0000000080000000, 0x0000000100000000)
  region size 1024K, 104 young (106496K), 4 survivors (4096K)
 Metaspace       used 155060K, committed 156096K, reserved 1245184K
  class space    used 21832K, committed 22336K, reserved 1048576K
}
Event: 107.941 GC heap after
{Heap after GC invocations=71 (full 0):
 garbage-first heap   total 335872K, used 132739K [0x0000000080000000, 0x0000000100000000)
  region size 1024K, 6 young (6144K), 6 survivors (6144K)
 Metaspace       used 155060K, committed 156096K, reserved 1245184K
  class space    used 21832K, committed 22336K, reserved 1048576K
}
Event: 112.395 GC heap before
{Heap before GC invocations=72 (full 0):
 garbage-first heap   total 335872K, used 304771K [0x0000000080000000, 0x0000000100000000)
  region size 1024K, 153 young (156672K), 6 survivors (6144K)
 Metaspace       used 155733K, committed 156800K, reserved 1245184K
  class space    used 21906K, committed 22400K, reserved 1048576K
}
Event: 112.398 GC heap after
{Heap after GC invocations=73 (full 0):
 garbage-first heap   total 335872K, used 135274K [0x0000000080000000, 0x0000000100000000)
  region size 1024K, 8 young (8192K), 8 survivors (8192K)
 Metaspace       used 155733K, committed 156800K, reserved 1245184K
  class space    used 21906K, committed 22400K, reserved 1048576K
}
Event: 112.452 GC heap before
{Heap before GC invocations=73 (full 0):
 garbage-first heap   total 335872K, used 142442K [0x0000000080000000, 0x0000000100000000)
  region size 1024K, 16 young (16384K), 8 survivors (8192K)
 Metaspace       used 155782K, committed 156800K, reserved 1245184K
  class space    used 21907K, committed 22400K, reserved 1048576K
}
Event: 112.456 GC heap after
{Heap after GC invocations=74 (full 0):
 garbage-first heap   total 335872K, used 131055K [0x0000000080000000, 0x0000000100000000)
  region size 1024K, 2 young (2048K), 2 survivors (2048K)
 Metaspace       used 155782K, committed 156800K, reserved 1245184K
  class space    used 21907K, committed 22400K, reserved 1048576K
}
Event: 112.726 GC heap before
{Heap before GC invocations=74 (full 0):
 garbage-first heap   total 335872K, used 282607K [0x0000000080000000, 0x0000000100000000)
  region size 1024K, 151 young (154624K), 2 survivors (2048K)
 Metaspace       used 155916K, committed 156992K, reserved 1245184K
  class space    used 21914K, committed 22464K, reserved 1048576K
}
Event: 112.731 GC heap after
{Heap after GC invocations=75 (full 0):
 garbage-first heap   total 335872K, used 147054K [0x0000000080000000, 0x0000000100000000)
  region size 1024K, 18 young (18432K), 18 survivors (18432K)
 Metaspace       used 155916K, committed 156992K, reserved 1245184K
  class space    used 21914K, committed 22464K, reserved 1048576K
}
Event: 112.795 GC heap before
{Heap before GC invocations=75 (full 0):
 garbage-first heap   total 335872K, used 273006K [0x0000000080000000, 0x0000000100000000)
  region size 1024K, 141 young (144384K), 18 survivors (18432K)
 Metaspace       used 155919K, committed 156992K, reserved 1245184K
  class space    used 21914K, committed 22464K, reserved 1048576K
}
Event: 112.799 GC heap after
{Heap after GC invocations=76 (full 0):
 garbage-first heap   total 335872K, used 149899K [0x0000000080000000, 0x0000000100000000)
  region size 1024K, 3 young (3072K), 3 survivors (3072K)
 Metaspace       used 155919K, committed 156992K, reserved 1245184K
  class space    used 21914K, committed 22464K, reserved 1048576K
}
Event: 112.885 GC heap before
{Heap before GC invocations=76 (full 0):
 garbage-first heap   total 335872K, used 278923K [0x0000000080000000, 0x0000000100000000)
  region size 1024K, 129 young (132096K), 3 survivors (3072K)
 Metaspace       used 155919K, committed 156992K, reserved 1245184K
  class space    used 21914K, committed 22464K, reserved 1048576K
}

