# JRE version: OpenJDK Runtime Environment (17.0.11) (build 17.0.11+0--11852314)
# Java VM: OpenJDK 64-Bit Server VM (17.0.11+0--11852314, mixed mode, tiered, compressed oops, compressed class ptrs, g1 gc, windows-amd64)
GC Precious Log:
 CPUs: 12 total, 12 available
 Memory: 16250M
 Large Page Support: Disabled
 NUMA Support: Disabled
 Compressed Oops: Enabled (32-bit)
 Heap Region Size: 1M
 Heap Min Capacity: 8M
 Heap Initial Capacity: 254M
 Heap Max Capacity: 2G
 Pre-touch: Disabled
 Parallel Workers: 10
 Concurrent Workers: 3
 Concurrent Refinement Workers: 10
 Periodic GC: Disabled
Heap:
 garbage-first heap   total 345088K, used 230392K [0x0000000080000000, 0x0000000100000000)
  region size 1024K, 66 young (67584K), 17 survivors (17408K)
 Metaspace       used 116623K, committed 117504K, reserved 1179648K
  class space    used 15725K, committed 16192K, reserved 1048576K
GC Heap History (20 events):
Event: 10.302 GC heap before
{Heap before GC invocations=35 (full 0):
 garbage-first heap   total 345088K, used 282805K [0x0000000080000000, 0x0000000100000000)
  region size 1024K, 157 young (160768K), 4 survivors (4096K)
 Metaspace       used 112222K, committed 113088K, reserved 1179648K
  class space    used 15199K, committed 15616K, reserved 1048576K
}
Event: 10.304 GC heap after
{Heap after GC invocations=36 (full 0):
 garbage-first heap   total 345088K, used 126987K [0x0000000080000000, 0x0000000100000000)
  region size 1024K, 4 young (4096K), 4 survivors (4096K)
 Metaspace       used 112222K, committed 113088K, reserved 1179648K
  class space    used 15199K, committed 15616K, reserved 1048576K
}
Event: 10.427 GC heap before
{Heap before GC invocations=36 (full 0):
 garbage-first heap   total 345088K, used 286731K [0x0000000080000000, 0x0000000100000000)
  region size 1024K, 160 young (163840K), 4 survivors (4096K)
 Metaspace       used 112222K, committed 113088K, reserved 1179648K
  class space    used 15199K, committed 15616K, reserved 1048576K
}
Event: 10.428 GC heap after
{Heap after GC invocations=37 (full 0):
 garbage-first heap   total 345088K, used 128308K [0x0000000080000000, 0x0000000100000000)
  region size 1024K, 6 young (6144K), 6 survivors (6144K)
 Metaspace       used 112222K, committed 113088K, reserved 1179648K
  class space    used 15199K, committed 15616K, reserved 1048576K
}
Event: 12.402 GC heap before
{Heap before GC invocations=37 (full 0):
 garbage-first heap   total 345088K, used 311604K [0x0000000080000000, 0x0000000100000000)
  region size 1024K, 164 young (167936K), 6 survivors (6144K)
 Metaspace       used 115533K, committed 116352K, reserved 1179648K
  class space    used 15672K, committed 16064K, reserved 1048576K
}
Event: 12.405 GC heap after
{Heap after GC invocations=38 (full 0):
 garbage-first heap   total 345088K, used 129479K [0x0000000080000000, 0x0000000100000000)
  region size 1024K, 7 young (7168K), 7 survivors (7168K)
 Metaspace       used 115533K, committed 116352K, reserved 1179648K
  class space    used 15672K, committed 16064K, reserved 1048576K
}
Event: 19.440 GC heap before
{Heap before GC invocations=38 (full 0):
 garbage-first heap   total 345088K, used 291271K [0x0000000080000000, 0x0000000100000000)
  region size 1024K, 166 young (169984K), 7 survivors (7168K)
 Metaspace       used 116422K, committed 117312K, reserved 1179648K
  class space    used 15721K, committed 16128K, reserved 1048576K
}
Event: 19.450 GC heap after
{Heap after GC invocations=39 (full 0):
 garbage-first heap   total 345088K, used 150384K [0x0000000080000000, 0x0000000100000000)
  region size 1024K, 21 young (21504K), 21 survivors (21504K)
 Metaspace       used 116422K, committed 117312K, reserved 1179648K
  class space    used 15721K, committed 16128K, reserved 1048576K
}
Event: 19.520 GC heap before
{Heap before GC invocations=39 (full 0):
 garbage-first heap   total 345088K, used 278384K [0x0000000080000000, 0x0000000100000000)
  region size 1024K, 146 young (149504K), 21 survivors (21504K)
 Metaspace       used 116423K, committed 117312K, reserved 1179648K
  class space    used 15721K, committed 16128K, reserved 1048576K
}
Event: 19.527 GC heap after
{Heap after GC invocations=40 (full 0):
 garbage-first heap   total 345088K, used 154206K [0x0000000080000000, 0x0000000100000000)
  region size 1024K, 4 young (4096K), 4 survivors (4096K)
 Metaspace       used 116423K, committed 117312K, reserved 1179648K
  class space    used 15721K, committed 16128K, reserved 1048576K
}
Event: 19.648 GC heap before
{Heap before GC invocations=40 (full 0):
 garbage-first heap   total 345088K, used 283230K [0x0000000080000000, 0x0000000100000000)
  region size 1024K, 130 young (133120K), 4 survivors (4096K)
 Metaspace       used 116426K, committed 117312K, reserved 1179648K
  class space    used 15721K, committed 16128K, reserved 1048576K
}
Event: 19.649 GC heap after
{Heap after GC invocations=41 (full 0):
 garbage-first heap   total 345088K, used 153604K [0x0000000080000000, 0x0000000100000000)
  region size 1024K, 3 young (3072K), 3 survivors (3072K)
 Metaspace       used 116426K, committed 117312K, reserved 1179648K
  class space    used 15721K, committed 16128K, reserved 1048576K
}
Event: 19.736 GC heap before
{Heap before GC invocations=41 (full 0):
 garbage-first heap   total 345088K, used 287748K [0x0000000080000000, 0x0000000100000000)
  region size 1024K, 134 young (137216K), 3 survivors (3072K)
 Metaspace       used 116463K, committed 117312K, reserved 1179648K
  class space    used 15721K, committed 16128K, reserved 1048576K
}
Event: 19.737 GC heap after
{Heap after GC invocations=42 (full 0):
 garbage-first heap   total 345088K, used 153399K [0x0000000080000000, 0x0000000100000000)
  region size 1024K, 3 young (3072K), 3 survivors (3072K)
 Metaspace       used 116463K, committed 117312K, reserved 1179648K
  class space    used 15721K, committed 16128K, reserved 1048576K
}
Event: 19.808 GC heap before
{Heap before GC invocations=42 (full 0):
 garbage-first heap   total 345088K, used 291639K [0x0000000080000000, 0x0000000100000000)
  region size 1024K, 138 young (141312K), 3 survivors (3072K)
 Metaspace       used 116470K, committed 117376K, reserved 1179648K
  class space    used 15721K, committed 16128K, reserved 1048576K
}
Event: 19.809 GC heap after
{Heap after GC invocations=43 (full 0):
 garbage-first heap   total 345088K, used 155231K [0x0000000080000000, 0x0000000100000000)
  region size 1024K, 5 young (5120K), 5 survivors (5120K)
 Metaspace       used 116470K, committed 117376K, reserved 1179648K
  class space    used 15721K, committed 16128K, reserved 1048576K
}
Event: 19.948 GC heap before
{Heap before GC invocations=43 (full 0):
 garbage-first heap   total 345088K, used 294495K [0x0000000080000000, 0x0000000100000000)
  region size 1024K, 140 young (143360K), 5 survivors (5120K)
 Metaspace       used 116531K, committed 117376K, reserved 1179648K
  class space    used 15721K, committed 16128K, reserved 1048576K
}
Event: 19.950 GC heap after
{Heap after GC invocations=44 (full 0):
 garbage-first heap   total 345088K, used 162798K [0x0000000080000000, 0x0000000100000000)
  region size 1024K, 10 young (10240K), 10 survivors (10240K)
 Metaspace       used 116531K, committed 117376K, reserved 1179648K
  class space    used 15721K, committed 16128K, reserved 1048576K
}
Event: 19.999 GC heap before
{Heap before GC invocations=44 (full 0):
 garbage-first heap   total 345088K, used 224238K [0x0000000080000000, 0x0000000100000000)
  region size 1024K, 60 young (61440K), 10 survivors (10240K)
 Metaspace       used 116538K, committed 117440K, reserved 1179648K
  class space    used 15721K, committed 16128K, reserved 1048576K
}
Event: 20.002 GC heap after
{Heap after GC invocations=45 (full 0):
 garbage-first heap   total 345088K, used 174072K [0x0000000080000000, 0x0000000100000000)
  region size 1024K, 17 young (17408K), 17 survivors (17408K)
 Metaspace       used 116538K, committed 117440K, reserved 1179648K
  class space    used 15721K, committed 16128K, reserved 1048576K
}

