# JRE version: OpenJDK Runtime Environment (17.0.11) (build 17.0.11+0--11852314)
# Java VM: OpenJDK 64-Bit Server VM (17.0.11+0--11852314, mixed mode, tiered, compressed oops, compressed class ptrs, g1 gc, windows-amd64)
GC Precious Log:
 CPUs: 12 total, 12 available
 Memory: 16250M
 Large Page Support: Disabled
 NUMA Support: Disabled
 Compressed Oops: Enabled (32-bit)
 Heap Region Size: 1M
 Heap Min Capacity: 8M
 Heap Initial Capacity: 254M
 Heap Max Capacity: 2G
 Pre-touch: Disabled
 Parallel Workers: 10
 Concurrent Workers: 3
 Concurrent Refinement Workers: 10
 Periodic GC: Disabled
Heap:
 garbage-first heap   total 260096K, used 105297K [0x0000000080000000, 0x0000000100000000)
  region size 1024K, 1 young (1024K), 1 survivors (1024K)
 Metaspace       used 106683K, committed 107456K, reserved 1179648K
  class space    used 14554K, committed 14912K, reserved 1048576K
GC Heap History (20 events):
Event: 6.527 GC heap after
{Heap after GC invocations=30 (full 0):
 garbage-first heap   total 172032K, used 87494K [0x0000000080000000, 0x0000000100000000)
  region size 1024K, 6 young (6144K), 6 survivors (6144K)
 Metaspace       used 94214K, committed 94912K, reserved 1179648K
  class space    used 13215K, committed 13568K, reserved 1048576K
}
Event: 6.718 GC heap before
{Heap before GC invocations=31 (full 0):
 garbage-first heap   total 172032K, used 138694K [0x0000000080000000, 0x0000000100000000)
  region size 1024K, 57 young (58368K), 6 survivors (6144K)
 Metaspace       used 94623K, committed 95296K, reserved 1179648K
  class space    used 13254K, committed 13568K, reserved 1048576K
}
Event: 6.721 GC heap after
{Heap after GC invocations=32 (full 0):
 garbage-first heap   total 172032K, used 89634K [0x0000000080000000, 0x0000000100000000)
  region size 1024K, 6 young (6144K), 6 survivors (6144K)
 Metaspace       used 94623K, committed 95296K, reserved 1179648K
  class space    used 13254K, committed 13568K, reserved 1048576K
}
Event: 6.723 GC heap before
{Heap before GC invocations=32 (full 0):
 garbage-first heap   total 172032K, used 90658K [0x0000000080000000, 0x0000000100000000)
  region size 1024K, 8 young (8192K), 6 survivors (6144K)
 Metaspace       used 94627K, committed 95296K, reserved 1179648K
  class space    used 13254K, committed 13568K, reserved 1048576K
}
Event: 6.726 GC heap after
{Heap after GC invocations=33 (full 0):
 garbage-first heap   total 206848K, used 87700K [0x0000000080000000, 0x0000000100000000)
  region size 1024K, 1 young (1024K), 1 survivors (1024K)
 Metaspace       used 94627K, committed 95296K, reserved 1179648K
  class space    used 13254K, committed 13568K, reserved 1048576K
}
Event: 7.133 GC heap before
{Heap before GC invocations=33 (full 0):
 garbage-first heap   total 206848K, used 171668K [0x0000000080000000, 0x0000000100000000)
  region size 1024K, 79 young (80896K), 1 survivors (1024K)
 Metaspace       used 100632K, committed 101376K, reserved 1179648K
  class space    used 13847K, committed 14208K, reserved 1048576K
}
Event: 7.136 GC heap after
{Heap after GC invocations=34 (full 0):
 garbage-first heap   total 206848K, used 93282K [0x0000000080000000, 0x0000000100000000)
  region size 1024K, 7 young (7168K), 7 survivors (7168K)
 Metaspace       used 100632K, committed 101376K, reserved 1179648K
  class space    used 13847K, committed 14208K, reserved 1048576K
}
Event: 7.492 GC heap before
{Heap before GC invocations=34 (full 0):
 garbage-first heap   total 206848K, used 165986K [0x0000000080000000, 0x0000000100000000)
  region size 1024K, 79 young (80896K), 7 survivors (7168K)
 Metaspace       used 105677K, committed 106368K, reserved 1179648K
  class space    used 14443K, committed 14784K, reserved 1048576K
}
Event: 7.497 GC heap after
{Heap after GC invocations=35 (full 0):
 garbage-first heap   total 206848K, used 104741K [0x0000000080000000, 0x0000000100000000)
  region size 1024K, 10 young (10240K), 10 survivors (10240K)
 Metaspace       used 105677K, committed 106368K, reserved 1179648K
  class space    used 14443K, committed 14784K, reserved 1048576K
}
Event: 7.635 GC heap before
{Heap before GC invocations=35 (full 0):
 garbage-first heap   total 206848K, used 165157K [0x0000000080000000, 0x0000000100000000)
  region size 1024K, 69 young (70656K), 10 survivors (10240K)
 Metaspace       used 106594K, committed 107392K, reserved 1179648K
  class space    used 14539K, committed 14912K, reserved 1048576K
}
Event: 7.637 GC heap after
{Heap after GC invocations=36 (full 0):
 garbage-first heap   total 206848K, used 106874K [0x0000000080000000, 0x0000000100000000)
  region size 1024K, 2 young (2048K), 2 survivors (2048K)
 Metaspace       used 106594K, committed 107392K, reserved 1179648K
  class space    used 14539K, committed 14912K, reserved 1048576K
}
Event: 7.729 GC heap before
{Heap before GC invocations=37 (full 0):
 garbage-first heap   total 219136K, used 168314K [0x0000000080000000, 0x0000000100000000)
  region size 1024K, 62 young (63488K), 2 survivors (2048K)
 Metaspace       used 106612K, committed 107392K, reserved 1179648K
  class space    used 14540K, committed 14912K, reserved 1048576K
}
Event: 7.730 GC heap after
{Heap after GC invocations=38 (full 0):
 garbage-first heap   total 219136K, used 105558K [0x0000000080000000, 0x0000000100000000)
  region size 1024K, 1 young (1024K), 1 survivors (1024K)
 Metaspace       used 106612K, committed 107392K, reserved 1179648K
  class space    used 14540K, committed 14912K, reserved 1048576K
}
Event: 7.783 GC heap before
{Heap before GC invocations=38 (full 0):
 garbage-first heap   total 219136K, used 114774K [0x0000000080000000, 0x0000000100000000)
  region size 1024K, 10 young (10240K), 1 survivors (1024K)
 Metaspace       used 106639K, committed 107392K, reserved 1179648K
  class space    used 14554K, committed 14912K, reserved 1048576K
}
Event: 7.786 GC heap after
{Heap after GC invocations=39 (full 0):
 garbage-first heap   total 219136K, used 104730K [0x0000000080000000, 0x0000000100000000)
  region size 1024K, 2 young (2048K), 2 survivors (2048K)
 Metaspace       used 106639K, committed 107392K, reserved 1179648K
  class space    used 14554K, committed 14912K, reserved 1048576K
}
Event: 7.916 GC heap before
{Heap before GC invocations=39 (full 0):
 garbage-first heap   total 219136K, used 178458K [0x0000000080000000, 0x0000000100000000)
  region size 1024K, 74 young (75776K), 2 survivors (2048K)
 Metaspace       used 106683K, committed 107456K, reserved 1179648K
  class space    used 14554K, committed 14912K, reserved 1048576K
}
Event: 7.918 GC heap after
{Heap after GC invocations=40 (full 0):
 garbage-first heap   total 219136K, used 105688K [0x0000000080000000, 0x0000000100000000)
  region size 1024K, 2 young (2048K), 2 survivors (2048K)
 Metaspace       used 106683K, committed 107456K, reserved 1179648K
  class space    used 14554K, committed 14912K, reserved 1048576K
}
Event: 8.040 GC heap before
{Heap before GC invocations=41 (full 0):
 garbage-first heap   total 219136K, used 182488K [0x0000000080000000, 0x0000000100000000)
  region size 1024K, 77 young (78848K), 2 survivors (2048K)
 Metaspace       used 106683K, committed 107456K, reserved 1179648K
  class space    used 14554K, committed 14912K, reserved 1048576K
}
Event: 8.041 GC heap after
{Heap after GC invocations=42 (full 0):
 garbage-first heap   total 219136K, used 106238K [0x0000000080000000, 0x0000000100000000)
  region size 1024K, 3 young (3072K), 3 survivors (3072K)
 Metaspace       used 106683K, committed 107456K, reserved 1179648K
  class space    used 14554K, committed 14912K, reserved 1048576K
}
Event: 8.049 GC heap before
{Heap before GC invocations=42 (full 0):
 garbage-first heap   total 219136K, used 113406K [0x0000000080000000, 0x0000000100000000)
  region size 1024K, 10 young (10240K), 3 survivors (3072K)
 Metaspace       used 106683K, committed 107456K, reserved 1179648K
  class space    used 14554K, committed 14912K, reserved 1048576K
}

